# JRE version: Java(TM) SE Runtime Environment (8.0_333-b02) (build 1.8.0_333-b02)
# Java VM: Java HotSpot(TM) 64-Bit Server VM (25.333-b02 mixed mode windows-amd64 compressed oops)
Heap:
 PSYoungGen      total 254976K, used 97882K [0x000000076cd80000, 0x000000077e600000, 0x00000007c0000000)
  eden space 238592K, 35% used [0x000000076cd80000,0x0000000771f30a20,0x000000077b680000)
  from space 16384K, 86% used [0x000000077ca00000,0x000000077d7e5f68,0x000000077da00000)
  to   space 19968K, 4% used [0x000000077b680000,0x000000077b780000,0x000000077ca00000)
 ParOldGen       total 176640K, used 25358K [0x00000006c6800000, 0x00000006d1480000, 0x000000076cd80000)
  object space 176640K, 14% used [0x00000006c6800000,0x00000006c80c3ac0,0x00000006d1480000)
 Metaspace       used 66114K, capacity 69460K, committed 69544K, reserved 1118208K
  class space    used 8980K, capacity 9596K, committed 9640K, reserved 1048576K
GC Heap History (10 events):
Event: 3.439 GC heap before
{Heap before GC invocations=13 (full 2):
 PSYoungGen      total 214528K, used 214102K [0x000000076cd80000, 0x000000077b400000, 0x00000007c0000000)
  eden space 203776K, 100% used [0x000000076cd80000,0x0000000779480000,0x0000000779480000)
  from space 10752K, 96% used [0x000000077a980000,0x000000077b395880,0x000000077b400000)
  to   space 13312K, 0% used [0x0000000779a00000,0x0000000779a00000,0x000000077a700000)
 ParOldGen       total 176640K, used 11504K [0x00000006c6800000, 0x00000006d1480000, 0x000000076cd80000)
  object space 176640K, 6% used [0x00000006c6800000,0x00000006c733c260,0x00000006d1480000)
 Metaspace       used 46500K, capacity 48524K, committed 48680K, reserved 1091584K
  class space    used 6231K, capacity 6620K, committed 6696K, reserved 1048576K
Event: 3.446 GC heap after
Heap after GC invocations=13 (full 2):
 PSYoungGen      total 222720K, used 13292K [0x000000076cd80000, 0x000000077da00000, 0x00000007c0000000)
  eden space 209408K, 0% used [0x000000076cd80000,0x000000076cd80000,0x0000000779a00000)
  from space 13312K, 99% used [0x0000000779a00000,0x000000077a6fb348,0x000000077a700000)
  to   space 16384K, 0% used [0x000000077ca00000,0x000000077ca00000,0x000000077da00000)
 ParOldGen       total 176640K, used 15586K [0x00000006c6800000, 0x00000006d1480000, 0x000000076cd80000)
  object space 176640K, 8% used [0x00000006c6800000,0x00000006c77388f0,0x00000006d1480000)
 Metaspace       used 46500K, capacity 48524K, committed 48680K, reserved 1091584K
  class space    used 6231K, capacity 6620K, committed 6696K, reserved 1048576K
}
Event: 4.132 GC heap before
{Heap before GC invocations=14 (full 2):
 PSYoungGen      total 222720K, used 222700K [0x000000076cd80000, 0x000000077da00000, 0x00000007c0000000)
  eden space 209408K, 100% used [0x000000076cd80000,0x0000000779a00000,0x0000000779a00000)
  from space 13312K, 99% used [0x0000000779a00000,0x000000077a6fb348,0x000000077a700000)
  to   space 16384K, 0% used [0x000000077ca00000,0x000000077ca00000,0x000000077da00000)
 ParOldGen       total 176640K, used 15586K [0x00000006c6800000, 0x00000006d1480000, 0x000000076cd80000)
  object space 176640K, 8% used [0x00000006c6800000,0x00000006c77388f0,0x00000006d1480000)
 Metaspace       used 53480K, capacity 55898K, committed 56104K, reserved 1097728K
  class space    used 7105K, capacity 7599K, committed 7720K, reserved 1048576K
Event: 4.141 GC heap after
Heap after GC invocations=14 (full 2):
 PSYoungGen      total 254976K, used 16362K [0x000000076cd80000, 0x000000077e600000, 0x00000007c0000000)
  eden space 238592K, 0% used [0x000000076cd80000,0x000000076cd80000,0x000000077b680000)
  from space 16384K, 99% used [0x000000077ca00000,0x000000077d9fa8b0,0x000000077da00000)
  to   space 19968K, 0% used [0x000000077b680000,0x000000077b680000,0x000000077ca00000)
 ParOldGen       total 176640K, used 18486K [0x00000006c6800000, 0x00000006d1480000, 0x000000076cd80000)
  object space 176640K, 10% used [0x00000006c6800000,0x00000006c7a0dbe8,0x00000006d1480000)
 Metaspace       used 53480K, capacity 55898K, committed 56104K, reserved 1097728K
  class space    used 7105K, capacity 7599K, committed 7720K, reserved 1048576K
}
Event: 4.333 GC heap before
{Heap before GC invocations=15 (full 2):
 PSYoungGen      total 254976K, used 71791K [0x000000076cd80000, 0x000000077e600000, 0x00000007c0000000)
  eden space 238592K, 23% used [0x000000076cd80000,0x00000007703a15e8,0x000000077b680000)
  from space 16384K, 99% used [0x000000077ca00000,0x000000077d9fa8b0,0x000000077da00000)
  to   space 19968K, 0% used [0x000000077b680000,0x000000077b680000,0x000000077ca00000)
 ParOldGen       total 176640K, used 18486K [0x00000006c6800000, 0x00000006d1480000, 0x000000076cd80000)
  object space 176640K, 10% used [0x00000006c6800000,0x00000006c7a0dbe8,0x00000006d1480000)
 Metaspace       used 56505K, capacity 59080K, committed 59160K, reserved 1099776K
  class space    used 7531K, capacity 8047K, committed 8104K, reserved 1048576K
Event: 4.340 GC heap after
Heap after GC invocations=15 (full 2):
 PSYoungGen      total 258560K, used 16038K [0x000000076cd80000, 0x000000077e600000, 0x00000007c0000000)
  eden space 238592K, 0% used [0x000000076cd80000,0x000000076cd80000,0x000000077b680000)
  from space 19968K, 80% used [0x000000077b680000,0x000000077c629b98,0x000000077ca00000)
  to   space 16384K, 0% used [0x000000077ca00000,0x000000077ca00000,0x000000077da00000)
 ParOldGen       total 176640K, used 18494K [0x00000006c6800000, 0x00000006d1480000, 0x000000076cd80000)
  object space 176640K, 10% used [0x00000006c6800000,0x00000006c7a0fbe8,0x00000006d1480000)
 Metaspace       used 56505K, capacity 59080K, committed 59160K, reserved 1099776K
  class space    used 7531K, capacity 8047K, committed 8104K, reserved 1048576K
}
Event: 4.340 GC heap before
{Heap before GC invocations=16 (full 3):
 PSYoungGen      total 258560K, used 16038K [0x000000076cd80000, 0x000000077e600000, 0x00000007c0000000)
  eden space 238592K, 0% used [0x000000076cd80000,0x000000076cd80000,0x000000077b680000)
  from space 19968K, 80% used [0x000000077b680000,0x000000077c629b98,0x000000077ca00000)
  to   space 16384K, 0% used [0x000000077ca00000,0x000000077ca00000,0x000000077da00000)
 ParOldGen       total 176640K, used 18494K [0x00000006c6800000, 0x00000006d1480000, 0x000000076cd80000)
  object space 176640K, 10% used [0x00000006c6800000,0x00000006c7a0fbe8,0x00000006d1480000)
 Metaspace       used 56505K, capacity 59080K, committed 59160K, reserved 1099776K
  class space    used 7531K, capacity 8047K, committed 8104K, reserved 1048576K
Event: 4.430 GC heap after
Heap after GC invocations=16 (full 3):
 PSYoungGen      total 258560K, used 0K [0x000000076cd80000, 0x000000077e600000, 0x00000007c0000000)
  eden space 238592K, 0% used [0x000000076cd80000,0x000000076cd80000,0x000000077b680000)
  from space 19968K, 0% used [0x000000077b680000,0x000000077b680000,0x000000077ca00000)
  to   space 16384K, 0% used [0x000000077ca00000,0x000000077ca00000,0x000000077da00000)
 ParOldGen       total 176640K, used 25350K [0x00000006c6800000, 0x00000006d1480000, 0x000000076cd80000)
  object space 176640K, 14% used [0x00000006c6800000,0x00000006c80c1ac0,0x00000006d1480000)
 Metaspace       used 56505K, capacity 59080K, committed 59160K, reserved 1099776K
  class space    used 7531K, capacity 8047K, committed 8104K, reserved 1048576K
}
Event: 5.220 GC heap before
{Heap before GC invocations=17 (full 3):
 PSYoungGen      total 258560K, used 238592K [0x000000076cd80000, 0x000000077e600000, 0x00000007c0000000)
  eden space 238592K, 100% used [0x000000076cd80000,0x000000077b680000,0x000000077b680000)
  from space 19968K, 0% used [0x000000077b680000,0x000000077b680000,0x000000077ca00000)
  to   space 16384K, 0% used [0x000000077ca00000,0x000000077ca00000,0x000000077da00000)
 ParOldGen       total 176640K, used 25350K [0x00000006c6800000, 0x00000006d1480000, 0x000000076cd80000)
  object space 176640K, 14% used [0x00000006c6800000,0x00000006c80c1ac0,0x00000006d1480000)
 Metaspace       used 64472K, capacity 67566K, committed 67752K, reserved 1107968K
  class space    used 8714K, capacity 9306K, committed 9384K, reserved 1048576K
Event: 5.226 GC heap after
Heap after GC invocations=17 (full 3):
 PSYoungGen      total 254976K, used 14231K [0x000000076cd80000, 0x000000077e600000, 0x00000007c0000000)
  eden space 238592K, 0% used [0x000000076cd80000,0x000000076cd80000,0x000000077b680000)
  from space 16384K, 86% used [0x000000077ca00000,0x000000077d7e5f68,0x000000077da00000)
  to   space 19968K, 0% used [0x000000077b680000,0x000000077b680000,0x000000077ca00000)
 ParOldGen       total 176640K, used 25358K [0x00000006c6800000, 0x00000006d1480000, 0x000000076cd80000)
  object space 176640K, 14% used [0x00000006c6800000,0x00000006c80c3ac0,0x00000006d1480000)
 Metaspace       used 64472K, capacity 67566K, committed 67752K, reserved 1107968K
  class space    used 8714K, capacity 9306K, committed 9384K, reserved 1048576K
}

