# JRE version: Java(TM) SE Runtime Environment (8.0_333-b02) (build 1.8.0_333-b02)
# Java VM: Java HotSpot(TM) 64-Bit Server VM (25.333-b02 mixed mode windows-amd64 compressed oops)
Heap:
 PSYoungGen      total 282624K, used 107051K [0x000000076cd80000, 0x0000000786180000, 0x00000007c0000000)
  eden space 243712K, 27% used [0x000000076cd80000,0x000000077100b868,0x000000077bb80000)
  from space 38912K, 99% used [0x000000077bb80000,0x000000077e17f638,0x000000077e180000)
  to   space 54272K, 0% used [0x0000000782c80000,0x0000000782c80000,0x0000000786180000)
 ParOldGen       total 147968K, used 63774K [0x00000006c6800000, 0x00000006cf880000, 0x000000076cd80000)
  object space 147968K, 43% used [0x00000006c6800000,0x00000006ca647ab8,0x00000006cf880000)
 Metaspace       used 32184K, capacity 33232K, committed 33408K, reserved 1081344K
  class space    used 3625K, capacity 3866K, committed 3968K, reserved 1048576K
GC Heap History (10 events):
Event: 2.488 GC heap before
{Heap before GC invocations=6 (full 1):
 PSYoungGen      total 139264K, used 10219K [0x000000076cd80000, 0x000000077f680000, 0x00000007c0000000)
  eden space 129024K, 0% used [0x000000076cd80000,0x000000076cd80000,0x0000000774b80000)
  from space 10240K, 99% used [0x0000000774b80000,0x000000077557af38,0x0000000775580000)
  to   space 23040K, 0% used [0x000000077e000000,0x000000077e000000,0x000000077f680000)
 ParOldGen       total 171008K, used 22844K [0x00000006c6800000, 0x00000006d0f00000, 0x000000076cd80000)
  object space 171008K, 13% used [0x00000006c6800000,0x00000006c7e4f0d8,0x00000006d0f00000)
 Metaspace       used 20623K, capacity 21088K, committed 21248K, reserved 1069056K
  class space    used 2369K, capacity 2461K, committed 2560K, reserved 1048576K
Event: 2.551 GC heap after
Heap after GC invocations=6 (full 1):
 PSYoungGen      total 139264K, used 0K [0x000000076cd80000, 0x000000077f680000, 0x00000007c0000000)
  eden space 129024K, 0% used [0x000000076cd80000,0x000000076cd80000,0x0000000774b80000)
  from space 10240K, 0% used [0x0000000774b80000,0x0000000774b80000,0x0000000775580000)
  to   space 23040K, 0% used [0x000000077e000000,0x000000077e000000,0x000000077f680000)
 ParOldGen       total 147968K, used 29683K [0x00000006c6800000, 0x00000006cf880000, 0x000000076cd80000)
  object space 147968K, 20% used [0x00000006c6800000,0x00000006c84fcf60,0x00000006cf880000)
 Metaspace       used 20623K, capacity 21088K, committed 21248K, reserved 1069056K
  class space    used 2369K, capacity 2461K, committed 2560K, reserved 1048576K
}
Event: 3.449 GC heap before
{Heap before GC invocations=7 (full 1):
 PSYoungGen      total 139264K, used 129024K [0x000000076cd80000, 0x000000077f680000, 0x00000007c0000000)
  eden space 129024K, 100% used [0x000000076cd80000,0x0000000774b80000,0x0000000774b80000)
  from space 10240K, 0% used [0x0000000774b80000,0x0000000774b80000,0x0000000775580000)
  to   space 23040K, 0% used [0x000000077e000000,0x000000077e000000,0x000000077f680000)
 ParOldGen       total 147968K, used 29683K [0x00000006c6800000, 0x00000006cf880000, 0x000000076cd80000)
  object space 147968K, 20% used [0x00000006c6800000,0x00000006c84fcf60,0x00000006cf880000)
 Metaspace       used 24245K, capacity 24900K, committed 24960K, reserved 1071104K
  class space    used 2768K, capacity 2921K, committed 2944K, reserved 1048576K
Event: 3.461 GC heap after
Heap after GC invocations=7 (full 1):
 PSYoungGen      total 197632K, used 23020K [0x000000076cd80000, 0x000000077f680000, 0x00000007c0000000)
  eden space 174592K, 0% used [0x000000076cd80000,0x000000076cd80000,0x0000000777800000)
  from space 23040K, 99% used [0x000000077e000000,0x000000077f67b360,0x000000077f680000)
  to   space 30208K, 0% used [0x000000077bb80000,0x000000077bb80000,0x000000077d900000)
 ParOldGen       total 147968K, used 36003K [0x00000006c6800000, 0x00000006cf880000, 0x000000076cd80000)
  object space 147968K, 24% used [0x00000006c6800000,0x00000006c8b28df0,0x00000006cf880000)
 Metaspace       used 24245K, capacity 24900K, committed 24960K, reserved 1071104K
  class space    used 2768K, capacity 2921K, committed 2944K, reserved 1048576K
}
Event: 3.734 GC heap before
{Heap before GC invocations=8 (full 1):
 PSYoungGen      total 197632K, used 197612K [0x000000076cd80000, 0x000000077f680000, 0x00000007c0000000)
  eden space 174592K, 100% used [0x000000076cd80000,0x0000000777800000,0x0000000777800000)
  from space 23040K, 99% used [0x000000077e000000,0x000000077f67b360,0x000000077f680000)
  to   space 30208K, 0% used [0x000000077bb80000,0x000000077bb80000,0x000000077d900000)
 ParOldGen       total 147968K, used 36003K [0x00000006c6800000, 0x00000006cf880000, 0x000000076cd80000)
  object space 147968K, 24% used [0x00000006c6800000,0x00000006c8b28df0,0x00000006cf880000)
 Metaspace       used 25857K, capacity 26634K, committed 26752K, reserved 1073152K
  class space    used 2927K, capacity 3082K, committed 3200K, reserved 1048576K
Event: 3.744 GC heap after
Heap after GC invocations=8 (full 1):
 PSYoungGen      total 273920K, used 25991K [0x000000076cd80000, 0x0000000780180000, 0x00000007c0000000)
  eden space 243712K, 0% used [0x000000076cd80000,0x000000076cd80000,0x000000077bb80000)
  from space 30208K, 86% used [0x000000077bb80000,0x000000077d4e1d78,0x000000077d900000)
  to   space 32768K, 0% used [0x000000077e180000,0x000000077e180000,0x0000000780180000)
 ParOldGen       total 147968K, used 36011K [0x00000006c6800000, 0x00000006cf880000, 0x000000076cd80000)
  object space 147968K, 24% used [0x00000006c6800000,0x00000006c8b2adf0,0x00000006cf880000)
 Metaspace       used 25857K, capacity 26634K, committed 26752K, reserved 1073152K
  class space    used 2927K, capacity 3082K, committed 3200K, reserved 1048576K
}
Event: 4.451 GC heap before
{Heap before GC invocations=9 (full 1):
 PSYoungGen      total 273920K, used 269703K [0x000000076cd80000, 0x0000000780180000, 0x00000007c0000000)
  eden space 243712K, 100% used [0x000000076cd80000,0x000000077bb80000,0x000000077bb80000)
  from space 30208K, 86% used [0x000000077bb80000,0x000000077d4e1d78,0x000000077d900000)
  to   space 32768K, 0% used [0x000000077e180000,0x000000077e180000,0x0000000780180000)
 ParOldGen       total 147968K, used 36011K [0x00000006c6800000, 0x00000006cf880000, 0x000000076cd80000)
  object space 147968K, 24% used [0x00000006c6800000,0x00000006c8b2adf0,0x00000006cf880000)
 Metaspace       used 26149K, capacity 26892K, committed 27008K, reserved 1073152K
  class space    used 2928K, capacity 3084K, committed 3200K, reserved 1048576K
Event: 4.464 GC heap after
Heap after GC invocations=9 (full 1):
 PSYoungGen      total 276480K, used 32758K [0x000000076cd80000, 0x0000000786d00000, 0x00000007c0000000)
  eden space 243712K, 0% used [0x000000076cd80000,0x000000076cd80000,0x000000077bb80000)
  from space 32768K, 99% used [0x000000077e180000,0x000000078017dad0,0x0000000780180000)
  to   space 38912K, 0% used [0x000000077bb80000,0x000000077bb80000,0x000000077e180000)
 ParOldGen       total 147968K, used 39973K [0x00000006c6800000, 0x00000006cf880000, 0x000000076cd80000)
  object space 147968K, 27% used [0x00000006c6800000,0x00000006c8f095d0,0x00000006cf880000)
 Metaspace       used 26149K, capacity 26892K, committed 27008K, reserved 1073152K
  class space    used 2928K, capacity 3084K, committed 3200K, reserved 1048576K
}
Event: 5.813 GC heap before
{Heap before GC invocations=10 (full 1):
 PSYoungGen      total 276480K, used 275812K [0x000000076cd80000, 0x0000000786d00000, 0x00000007c0000000)
  eden space 243712K, 99% used [0x000000076cd80000,0x000000077badb8e8,0x000000077bb80000)
  from space 32768K, 99% used [0x000000077e180000,0x000000078017dad0,0x0000000780180000)
  to   space 38912K, 0% used [0x000000077bb80000,0x000000077bb80000,0x000000077e180000)
 ParOldGen       total 147968K, used 39973K [0x00000006c6800000, 0x00000006cf880000, 0x000000076cd80000)
  object space 147968K, 27% used [0x00000006c6800000,0x00000006c8f095d0,0x00000006cf880000)
 Metaspace       used 31230K, capacity 32204K, committed 32512K, reserved 1077248K
  class space    used 3523K, capacity 3760K, committed 3840K, reserved 1048576K
Event: 5.836 GC heap after
Heap after GC invocations=10 (full 1):
 PSYoungGen      total 282624K, used 38909K [0x000000076cd80000, 0x0000000786180000, 0x00000007c0000000)
  eden space 243712K, 0% used [0x000000076cd80000,0x000000076cd80000,0x000000077bb80000)
  from space 38912K, 99% used [0x000000077bb80000,0x000000077e17f638,0x000000077e180000)
  to   space 54272K, 0% used [0x0000000782c80000,0x0000000782c80000,0x0000000786180000)
 ParOldGen       total 147968K, used 63774K [0x00000006c6800000, 0x00000006cf880000, 0x000000076cd80000)
  object space 147968K, 43% used [0x00000006c6800000,0x00000006ca647ab8,0x00000006cf880000)
 Metaspace       used 31230K, capacity 32204K, committed 32512K, reserved 1077248K
  class space    used 3523K, capacity 3760K, committed 3840K, reserved 1048576K
}

