# JRE version: Java(TM) SE Runtime Environment (8.0_333-b02) (build 1.8.0_333-b02)
# Java VM: Java HotSpot(TM) 64-Bit Server VM (25.333-b02 mixed mode windows-amd64 compressed oops)
Heap:
 PSYoungGen      total 116736K, used 54575K [0x000000076cd80000, 0x0000000775800000, 0x00000007c0000000)
  eden space 97792K, 40% used [0x000000076cd80000,0x000000076f3e3bb8,0x0000000772d00000)
  from space 18944K, 80% used [0x0000000774580000,0x0000000775468258,0x0000000775800000)
  to   space 22016K, 0% used [0x0000000772d00000,0x0000000772d00000,0x0000000774280000)
 ParOldGen       total 127488K, used 37563K [0x00000006c6800000, 0x00000006ce480000, 0x000000076cd80000)
  object space 127488K, 29% used [0x00000006c6800000,0x00000006c8caec90,0x00000006ce480000)
 Metaspace       used 25260K, capacity 25852K, committed 26112K, reserved 1073152K
  class space    used 2900K, capacity 3060K, committed 3072K, reserved 1048576K
GC Heap History (10 events):
Event: 2.126 GC heap before
{Heap before GC invocations=5 (full 0):
 PSYoungGen      total 74752K, used 74744K [0x000000076cd80000, 0x0000000772080000, 0x00000007c0000000)
  eden space 64512K, 100% used [0x000000076cd80000,0x0000000770c80000,0x0000000770c80000)
  from space 10240K, 99% used [0x0000000771680000,0x000000077207e050,0x0000000772080000)
  to   space 10240K, 0% used [0x0000000770c80000,0x0000000770c80000,0x0000000771680000)
 ParOldGen       total 171008K, used 14880K [0x00000006c6800000, 0x00000006d0f00000, 0x000000076cd80000)
  object space 171008K, 8% used [0x00000006c6800000,0x00000006c76883e8,0x00000006d0f00000)
 Metaspace       used 18214K, capacity 18762K, committed 18944K, reserved 1067008K
  class space    used 2062K, capacity 2195K, committed 2304K, reserved 1048576K
Event: 2.132 GC heap after
Heap after GC invocations=5 (full 0):
 PSYoungGen      total 74752K, used 10216K [0x000000076cd80000, 0x0000000772080000, 0x00000007c0000000)
  eden space 64512K, 0% used [0x000000076cd80000,0x000000076cd80000,0x0000000770c80000)
  from space 10240K, 99% used [0x0000000770c80000,0x000000077167a060,0x0000000771680000)
  to   space 10240K, 0% used [0x0000000771680000,0x0000000771680000,0x0000000772080000)
 ParOldGen       total 171008K, used 18667K [0x00000006c6800000, 0x00000006d0f00000, 0x000000076cd80000)
  object space 171008K, 10% used [0x00000006c6800000,0x00000006c7a3afe8,0x00000006d0f00000)
 Metaspace       used 18214K, capacity 18762K, committed 18944K, reserved 1067008K
  class space    used 2062K, capacity 2195K, committed 2304K, reserved 1048576K
}
Event: 2.211 GC heap before
{Heap before GC invocations=6 (full 0):
 PSYoungGen      total 74752K, used 23700K [0x000000076cd80000, 0x0000000772080000, 0x00000007c0000000)
  eden space 64512K, 20% used [0x000000076cd80000,0x000000076daab190,0x0000000770c80000)
  from space 10240K, 99% used [0x0000000770c80000,0x000000077167a060,0x0000000771680000)
  to   space 10240K, 0% used [0x0000000771680000,0x0000000771680000,0x0000000772080000)
 ParOldGen       total 171008K, used 18667K [0x00000006c6800000, 0x00000006d0f00000, 0x000000076cd80000)
  object space 171008K, 10% used [0x00000006c6800000,0x00000006c7a3afe8,0x00000006d0f00000)
 Metaspace       used 20671K, capacity 21152K, committed 21248K, reserved 1069056K
  class space    used 2385K, capacity 2525K, committed 2560K, reserved 1048576K
Event: 2.217 GC heap after
Heap after GC invocations=6 (full 0):
 PSYoungGen      total 74752K, used 10227K [0x000000076cd80000, 0x0000000772080000, 0x00000007c0000000)
  eden space 64512K, 0% used [0x000000076cd80000,0x000000076cd80000,0x0000000770c80000)
  from space 10240K, 99% used [0x0000000771680000,0x000000077207cc10,0x0000000772080000)
  to   space 10240K, 0% used [0x0000000770c80000,0x0000000770c80000,0x0000000771680000)
 ParOldGen       total 171008K, used 20011K [0x00000006c6800000, 0x00000006d0f00000, 0x000000076cd80000)
  object space 171008K, 11% used [0x00000006c6800000,0x00000006c7b8ad18,0x00000006d0f00000)
 Metaspace       used 20671K, capacity 21152K, committed 21248K, reserved 1069056K
  class space    used 2385K, capacity 2525K, committed 2560K, reserved 1048576K
}
Event: 2.217 GC heap before
{Heap before GC invocations=7 (full 1):
 PSYoungGen      total 74752K, used 10227K [0x000000076cd80000, 0x0000000772080000, 0x00000007c0000000)
  eden space 64512K, 0% used [0x000000076cd80000,0x000000076cd80000,0x0000000770c80000)
  from space 10240K, 99% used [0x0000000771680000,0x000000077207cc10,0x0000000772080000)
  to   space 10240K, 0% used [0x0000000770c80000,0x0000000770c80000,0x0000000771680000)
 ParOldGen       total 171008K, used 20011K [0x00000006c6800000, 0x00000006d0f00000, 0x000000076cd80000)
  object space 171008K, 11% used [0x00000006c6800000,0x00000006c7b8ad18,0x00000006d0f00000)
 Metaspace       used 20671K, capacity 21152K, committed 21248K, reserved 1069056K
  class space    used 2385K, capacity 2525K, committed 2560K, reserved 1048576K
Event: 2.264 GC heap after
Heap after GC invocations=7 (full 1):
 PSYoungGen      total 74752K, used 0K [0x000000076cd80000, 0x0000000772080000, 0x00000007c0000000)
  eden space 64512K, 0% used [0x000000076cd80000,0x000000076cd80000,0x0000000770c80000)
  from space 10240K, 0% used [0x0000000771680000,0x0000000771680000,0x0000000772080000)
  to   space 10240K, 0% used [0x0000000770c80000,0x0000000770c80000,0x0000000771680000)
 ParOldGen       total 127488K, used 25213K [0x00000006c6800000, 0x00000006ce480000, 0x000000076cd80000)
  object space 127488K, 19% used [0x00000006c6800000,0x00000006c809f4b8,0x00000006ce480000)
 Metaspace       used 20671K, capacity 21152K, committed 21248K, reserved 1069056K
  class space    used 2385K, capacity 2525K, committed 2560K, reserved 1048576K
}
Event: 2.615 GC heap before
{Heap before GC invocations=8 (full 1):
 PSYoungGen      total 74752K, used 64512K [0x000000076cd80000, 0x0000000772080000, 0x00000007c0000000)
  eden space 64512K, 100% used [0x000000076cd80000,0x0000000770c80000,0x0000000770c80000)
  from space 10240K, 0% used [0x0000000771680000,0x0000000771680000,0x0000000772080000)
  to   space 10240K, 0% used [0x0000000770c80000,0x0000000770c80000,0x0000000771680000)
 ParOldGen       total 127488K, used 25213K [0x00000006c6800000, 0x00000006ce480000, 0x000000076cd80000)
  object space 127488K, 19% used [0x00000006c6800000,0x00000006c809f4b8,0x00000006ce480000)
 Metaspace       used 23032K, capacity 23616K, committed 23808K, reserved 1071104K
  class space    used 2650K, capacity 2813K, committed 2816K, reserved 1048576K
Event: 2.623 GC heap after
Heap after GC invocations=8 (full 1):
 PSYoungGen      total 74752K, used 10223K [0x000000076cd80000, 0x0000000775c00000, 0x00000007c0000000)
  eden space 64512K, 0% used [0x000000076cd80000,0x000000076cd80000,0x0000000770c80000)
  from space 10240K, 99% used [0x0000000770c80000,0x000000077167bf30,0x0000000771680000)
  to   space 23040K, 0% used [0x0000000774580000,0x0000000774580000,0x0000000775c00000)
 ParOldGen       total 127488K, used 37555K [0x00000006c6800000, 0x00000006ce480000, 0x000000076cd80000)
  object space 127488K, 29% used [0x00000006c6800000,0x00000006c8cacc90,0x00000006ce480000)
 Metaspace       used 23032K, capacity 23616K, committed 23808K, reserved 1071104K
  class space    used 2650K, capacity 2813K, committed 2816K, reserved 1048576K
}
Event: 3.107 GC heap before
{Heap before GC invocations=9 (full 1):
 PSYoungGen      total 74752K, used 74735K [0x000000076cd80000, 0x0000000775c00000, 0x00000007c0000000)
  eden space 64512K, 100% used [0x000000076cd80000,0x0000000770c80000,0x0000000770c80000)
  from space 10240K, 99% used [0x0000000770c80000,0x000000077167bf30,0x0000000771680000)
  to   space 23040K, 0% used [0x0000000774580000,0x0000000774580000,0x0000000775c00000)
 ParOldGen       total 127488K, used 37555K [0x00000006c6800000, 0x00000006ce480000, 0x000000076cd80000)
  object space 127488K, 29% used [0x00000006c6800000,0x00000006c8cacc90,0x00000006ce480000)
 Metaspace       used 24048K, capacity 24644K, committed 24704K, reserved 1071104K
  class space    used 2771K, capacity 2921K, committed 2944K, reserved 1048576K
Event: 3.113 GC heap after
Heap after GC invocations=9 (full 1):
 PSYoungGen      total 116736K, used 15264K [0x000000076cd80000, 0x0000000775800000, 0x00000007c0000000)
  eden space 97792K, 0% used [0x000000076cd80000,0x000000076cd80000,0x0000000772d00000)
  from space 18944K, 80% used [0x0000000774580000,0x0000000775468258,0x0000000775800000)
  to   space 22016K, 0% used [0x0000000772d00000,0x0000000772d00000,0x0000000774280000)
 ParOldGen       total 127488K, used 37563K [0x00000006c6800000, 0x00000006ce480000, 0x000000076cd80000)
  object space 127488K, 29% used [0x00000006c6800000,0x00000006c8caec90,0x00000006ce480000)
 Metaspace       used 24048K, capacity 24644K, committed 24704K, reserved 1071104K
  class space    used 2771K, capacity 2921K, committed 2944K, reserved 1048576K
}

