# JRE version: Java(TM) SE Runtime Environment (8.0_333-b02) (build 1.8.0_333-b02)
# Java VM: Java HotSpot(TM) 64-Bit Server VM (25.333-b02 mixed mode windows-amd64 compressed oops)
Heap:
 PSYoungGen      total 118272K, used 69140K [0x000000076cd80000, 0x0000000775a00000, 0x00000007c0000000)
  eden space 99840K, 54% used [0x000000076cd80000,0x0000000770231190,0x0000000772f00000)
  from space 18432K, 82% used [0x0000000774800000,0x00000007756d3e80,0x0000000775a00000)
  to   space 22016K, 0% used [0x0000000772f00000,0x0000000772f00000,0x0000000774480000)
 ParOldGen       total 124416K, used 37610K [0x00000006c6800000, 0x00000006ce180000, 0x000000076cd80000)
  object space 124416K, 30% used [0x00000006c6800000,0x00000006c8cba9a8,0x00000006ce180000)
 Metaspace       used 25297K, capacity 25920K, committed 26112K, reserved 1073152K
  class space    used 2900K, capacity 3060K, committed 3072K, reserved 1048576K
GC Heap History (10 events):
Event: 2.095 GC heap before
{Heap before GC invocations=5 (full 0):
 PSYoungGen      total 74752K, used 74728K [0x000000076cd80000, 0x0000000772080000, 0x00000007c0000000)
  eden space 64512K, 100% used [0x000000076cd80000,0x0000000770c80000,0x0000000770c80000)
  from space 10240K, 99% used [0x0000000771680000,0x000000077207a060,0x0000000772080000)
  to   space 10240K, 0% used [0x0000000770c80000,0x0000000770c80000,0x0000000771680000)
 ParOldGen       total 171008K, used 14929K [0x00000006c6800000, 0x00000006d0f00000, 0x000000076cd80000)
  object space 171008K, 8% used [0x00000006c6800000,0x00000006c76947c0,0x00000006d0f00000)
 Metaspace       used 18207K, capacity 18698K, committed 18944K, reserved 1067008K
  class space    used 2061K, capacity 2195K, committed 2304K, reserved 1048576K
Event: 2.101 GC heap after
Heap after GC invocations=5 (full 0):
 PSYoungGen      total 74752K, used 10232K [0x000000076cd80000, 0x0000000772080000, 0x00000007c0000000)
  eden space 64512K, 0% used [0x000000076cd80000,0x000000076cd80000,0x0000000770c80000)
  from space 10240K, 99% used [0x0000000770c80000,0x000000077167e070,0x0000000771680000)
  to   space 10240K, 0% used [0x0000000771680000,0x0000000771680000,0x0000000772080000)
 ParOldGen       total 171008K, used 18604K [0x00000006c6800000, 0x00000006d0f00000, 0x000000076cd80000)
  object space 171008K, 10% used [0x00000006c6800000,0x00000006c7a2b380,0x00000006d0f00000)
 Metaspace       used 18207K, capacity 18698K, committed 18944K, reserved 1067008K
  class space    used 2061K, capacity 2195K, committed 2304K, reserved 1048576K
}
Event: 2.185 GC heap before
{Heap before GC invocations=6 (full 0):
 PSYoungGen      total 74752K, used 24499K [0x000000076cd80000, 0x0000000772080000, 0x00000007c0000000)
  eden space 64512K, 22% used [0x000000076cd80000,0x000000076db6ecf0,0x0000000770c80000)
  from space 10240K, 99% used [0x0000000770c80000,0x000000077167e070,0x0000000771680000)
  to   space 10240K, 0% used [0x0000000771680000,0x0000000771680000,0x0000000772080000)
 ParOldGen       total 171008K, used 18604K [0x00000006c6800000, 0x00000006d0f00000, 0x000000076cd80000)
  object space 171008K, 10% used [0x00000006c6800000,0x00000006c7a2b380,0x00000006d0f00000)
 Metaspace       used 20684K, capacity 21156K, committed 21248K, reserved 1069056K
  class space    used 2386K, capacity 2525K, committed 2560K, reserved 1048576K
Event: 2.193 GC heap after
Heap after GC invocations=6 (full 0):
 PSYoungGen      total 74752K, used 10234K [0x000000076cd80000, 0x0000000772080000, 0x00000007c0000000)
  eden space 64512K, 0% used [0x000000076cd80000,0x000000076cd80000,0x0000000770c80000)
  from space 10240K, 99% used [0x0000000771680000,0x000000077207ebf0,0x0000000772080000)
  to   space 10240K, 0% used [0x0000000770c80000,0x0000000770c80000,0x0000000771680000)
 ParOldGen       total 171008K, used 20044K [0x00000006c6800000, 0x00000006d0f00000, 0x000000076cd80000)
  object space 171008K, 11% used [0x00000006c6800000,0x00000006c7b93178,0x00000006d0f00000)
 Metaspace       used 20684K, capacity 21156K, committed 21248K, reserved 1069056K
  class space    used 2386K, capacity 2525K, committed 2560K, reserved 1048576K
}
Event: 2.193 GC heap before
{Heap before GC invocations=7 (full 1):
 PSYoungGen      total 74752K, used 10234K [0x000000076cd80000, 0x0000000772080000, 0x00000007c0000000)
  eden space 64512K, 0% used [0x000000076cd80000,0x000000076cd80000,0x0000000770c80000)
  from space 10240K, 99% used [0x0000000771680000,0x000000077207ebf0,0x0000000772080000)
  to   space 10240K, 0% used [0x0000000770c80000,0x0000000770c80000,0x0000000771680000)
 ParOldGen       total 171008K, used 20044K [0x00000006c6800000, 0x00000006d0f00000, 0x000000076cd80000)
  object space 171008K, 11% used [0x00000006c6800000,0x00000006c7b93178,0x00000006d0f00000)
 Metaspace       used 20684K, capacity 21156K, committed 21248K, reserved 1069056K
  class space    used 2386K, capacity 2525K, committed 2560K, reserved 1048576K
Event: 2.238 GC heap after
Heap after GC invocations=7 (full 1):
 PSYoungGen      total 74752K, used 0K [0x000000076cd80000, 0x0000000772080000, 0x00000007c0000000)
  eden space 64512K, 0% used [0x000000076cd80000,0x000000076cd80000,0x0000000770c80000)
  from space 10240K, 0% used [0x0000000771680000,0x0000000771680000,0x0000000772080000)
  to   space 10240K, 0% used [0x0000000770c80000,0x0000000770c80000,0x0000000771680000)
 ParOldGen       total 124416K, used 25254K [0x00000006c6800000, 0x00000006ce180000, 0x000000076cd80000)
  object space 124416K, 20% used [0x00000006c6800000,0x00000006c80a9838,0x00000006ce180000)
 Metaspace       used 20684K, capacity 21156K, committed 21248K, reserved 1069056K
  class space    used 2386K, capacity 2525K, committed 2560K, reserved 1048576K
}
Event: 2.597 GC heap before
{Heap before GC invocations=8 (full 1):
 PSYoungGen      total 74752K, used 64512K [0x000000076cd80000, 0x0000000772080000, 0x00000007c0000000)
  eden space 64512K, 100% used [0x000000076cd80000,0x0000000770c80000,0x0000000770c80000)
  from space 10240K, 0% used [0x0000000771680000,0x0000000771680000,0x0000000772080000)
  to   space 10240K, 0% used [0x0000000770c80000,0x0000000770c80000,0x0000000771680000)
 ParOldGen       total 124416K, used 25254K [0x00000006c6800000, 0x00000006ce180000, 0x000000076cd80000)
  object space 124416K, 20% used [0x00000006c6800000,0x00000006c80a9838,0x00000006ce180000)
 Metaspace       used 23036K, capacity 23620K, committed 23808K, reserved 1071104K
  class space    used 2650K, capacity 2813K, committed 2816K, reserved 1048576K
Event: 2.606 GC heap after
Heap after GC invocations=8 (full 1):
 PSYoungGen      total 74752K, used 10225K [0x000000076cd80000, 0x0000000775e80000, 0x00000007c0000000)
  eden space 64512K, 0% used [0x000000076cd80000,0x000000076cd80000,0x0000000770c80000)
  from space 10240K, 99% used [0x0000000770c80000,0x000000077167c710,0x0000000771680000)
  to   space 23040K, 0% used [0x0000000774800000,0x0000000774800000,0x0000000775e80000)
 ParOldGen       total 124416K, used 37602K [0x00000006c6800000, 0x00000006ce180000, 0x000000076cd80000)
  object space 124416K, 30% used [0x00000006c6800000,0x00000006c8cb89a8,0x00000006ce180000)
 Metaspace       used 23036K, capacity 23620K, committed 23808K, reserved 1071104K
  class space    used 2650K, capacity 2813K, committed 2816K, reserved 1048576K
}
Event: 3.090 GC heap before
{Heap before GC invocations=9 (full 1):
 PSYoungGen      total 74752K, used 74737K [0x000000076cd80000, 0x0000000775e80000, 0x00000007c0000000)
  eden space 64512K, 100% used [0x000000076cd80000,0x0000000770c80000,0x0000000770c80000)
  from space 10240K, 99% used [0x0000000770c80000,0x000000077167c710,0x0000000771680000)
  to   space 23040K, 0% used [0x0000000774800000,0x0000000774800000,0x0000000775e80000)
 ParOldGen       total 124416K, used 37602K [0x00000006c6800000, 0x00000006ce180000, 0x000000076cd80000)
  object space 124416K, 30% used [0x00000006c6800000,0x00000006c8cb89a8,0x00000006ce180000)
 Metaspace       used 24123K, capacity 24712K, committed 24960K, reserved 1071104K
  class space    used 2773K, capacity 2921K, committed 2944K, reserved 1048576K
Event: 3.096 GC heap after
Heap after GC invocations=9 (full 1):
 PSYoungGen      total 118272K, used 15183K [0x000000076cd80000, 0x0000000775a00000, 0x00000007c0000000)
  eden space 99840K, 0% used [0x000000076cd80000,0x000000076cd80000,0x0000000772f00000)
  from space 18432K, 82% used [0x0000000774800000,0x00000007756d3e80,0x0000000775a00000)
  to   space 22016K, 0% used [0x0000000772f00000,0x0000000772f00000,0x0000000774480000)
 ParOldGen       total 124416K, used 37610K [0x00000006c6800000, 0x00000006ce180000, 0x000000076cd80000)
  object space 124416K, 30% used [0x00000006c6800000,0x00000006c8cba9a8,0x00000006ce180000)
 Metaspace       used 24123K, capacity 24712K, committed 24960K, reserved 1071104K
  class space    used 2773K, capacity 2921K, committed 2944K, reserved 1048576K
}

